INFO:root:Total files: 1
INFO:root:   - Total Patents: 18
INFO:root:   - number of patents: 18 0:00:00.381588 
INFO:root:   - number of errors: 0
INFO:root:   - 0:00:06.065807
INFO:root:   - total errors: 0
INFO:root:   - total patents: 18
INFO:root:Total files: 1
INFO:root:   - Total Patents: 18
INFO:root:   - number of patents: 18 0:00:00.383421 
INFO:root:   - number of errors: 0
INFO:root:   - 0:00:03.817176
INFO:root:   - total errors: 0
INFO:root:   - total patents: 18
INFO:root:Total files: 1
INFO:root:   - Total Patents: 18
INFO:root:   - number of patents: 18 0:00:00.387421 
INFO:root:   - number of errors: 0
INFO:root:   - 0:00:06.015240
INFO:root:   - total errors: 0
INFO:root:   - total patents: 18
INFO:root:Total files: 1
INFO:root:   - Total Patents: 18
INFO:root:   - number of patents: 18 0:00:00.381790 
INFO:root:   - number of errors: 0
INFO:root:   - 0:00:03.774139
INFO:root:   - total errors: 0
INFO:root:   - total patents: 18
INFO:root:Total files: 1
INFO:root:   - Total Patents: 18
INFO:root:   - number of patents: 18 0:00:00.380727 
INFO:root:   - number of errors: 0
INFO:root:   - 0:00:03.815835
INFO:root:   - total errors: 0
INFO:root:   - total patents: 18
INFO:root:Total files: 1
INFO:root:   - Total Patents: 18
INFO:root:   - number of patents: 18 0:00:00.384598 
INFO:root:   - number of errors: 0
INFO:root:   - 0:00:03.798480
INFO:root:   - total errors: 0
INFO:root:   - total patents: 18
INFO:root:Total files: 1
INFO:root:   - Total Patents: 18
INFO:root:   - number of patents: 18 0:00:00.389315 
INFO:root:   - number of errors: 0
INFO:root:   - 0:00:06.129430
INFO:root:   - total errors: 0
INFO:root:   - total patents: 18
